[2026-02-08 18:10:41] === STARTING PAGE NAME MIGRATION ===
[2026-02-08 18:10:41] Processing Volume 1...
[2026-02-08 18:10:43] COMPLETED: volume_1/tibetan - 479 files renamed, 0 errors
[2026-02-08 18:10:45] COMPLETED: volume_1/wylie - 479 files renamed, 0 errors
[2026-02-08 18:10:47] COMPLETED: volume_1/literal - 479 files renamed, 0 errors
[2026-02-08 18:10:49] COMPLETED: volume_1/liturgical - 479 files renamed, 0 errors
[2026-02-08 18:10:51] COMPLETED: volume_1/commentary - 479 files renamed, 0 errors
[2026-02-08 18:10:53] COMPLETED: volume_1/scholar - 479 files renamed, 0 errors
[2026-02-08 18:10:55] COMPLETED: volume_1/epistemic - 479 files renamed, 0 errors
[2026-02-08 18:10:57] COMPLETED: volume_1/delusion - 479 files renamed, 0 errors
[2026-02-08 18:10:59] COMPLETED: volume_1/cognitive - 479 files renamed, 0 errors
[2026-02-08 18:10:59] Processing Volume 2...
[2026-02-08 18:11:00] COMPLETED: volume_2/tibetan - 415 files renamed, 0 errors
[2026-02-08 18:11:02] COMPLETED: volume_2/wylie - 415 files renamed, 0 errors
[2026-02-08 18:11:03] COMPLETED: volume_2/literal - 415 files renamed, 0 errors
[2026-02-08 18:11:05] COMPLETED: volume_2/liturgical - 415 files renamed, 0 errors
[2026-02-08 18:11:07] COMPLETED: volume_2/commentary - 415 files renamed, 0 errors
[2026-02-08 18:11:08] COMPLETED: volume_2/scholar - 415 files renamed, 0 errors
[2026-02-08 18:11:10] COMPLETED: volume_2/epistemic - 415 files renamed, 0 errors
[2026-02-08 18:11:12] COMPLETED: volume_2/delusion - 415 files renamed, 0 errors
[2026-02-08 18:11:13] COMPLETED: volume_2/cognitive - 415 files renamed, 0 errors
[2026-02-08 18:11:13] === MIGRATION COMPLETE ===
[2026-02-08 18:11:13] Log file: /home/oracle/extinction-event/EV/theg pa'i mchog rin po che'i mdzod/1/migration_20260208_181041.log
